<?xml version="1.0" encoding="UTF-8"?>
<testsuite name="SILab2Test" tests="2" skipped="0" failures="0" errors="0" timestamp="2020-06-13T11:49:22" hostname="DESKTOP-V28UN9L" time="0.039">
  <properties/>
  <testcase name="everyPathTest()" classname="SILab2Test" time="0.034"/>
  <testcase name="multipleConditions()" classname="SILab2Test" time="0.003"/>
  <system-out><![CDATA[]]></system-out>
  <system-err><![CDATA[]]></system-err>
</testsuite>
